  [1m[35m (342.9ms)[0m  [1m[35mCREATE DATABASE "TodoProject_development" ENCODING = 'unicode'[0m
  ↳ bin/rails:9
  [1m[35m (156.3ms)[0m  [1m[35mCREATE DATABASE "TodoProject_test" ENCODING = 'unicode'[0m
  ↳ bin/rails:9
  [1m[35m (24.5ms)[0m  [1m[35mCREATE TABLE "schema_migrations" ("version" character varying NOT NULL PRIMARY KEY)[0m
  ↳ bin/rails:9
  [1m[35m (8.7ms)[0m  [1m[35mCREATE TABLE "ar_internal_metadata" ("key" character varying NOT NULL PRIMARY KEY, "value" character varying, "created_at" timestamp NOT NULL, "updated_at" timestamp NOT NULL)[0m
  ↳ bin/rails:9
  [1m[35m (3.5ms)[0m  [1m[34mSELECT pg_try_advisory_lock(2164141360814661375)[0m
  ↳ bin/rails:9
  [1m[35m (0.8ms)[0m  [1m[34mSELECT "schema_migrations"."version" FROM "schema_migrations" ORDER BY "schema_migrations"."version" ASC[0m
  ↳ bin/rails:9
Migrating to CreateTodos (20220414181355)
  [1m[35m (0.3ms)[0m  [1m[35mBEGIN[0m
  ↳ bin/rails:9
  [1m[35m (10.7ms)[0m  [1m[35mCREATE TABLE "todos" ("id" bigserial primary key, "title" character varying NOT NULL, "body" character varying NOT NULL, "done" boolean, "created_at" timestamp NOT NULL, "updated_at" timestamp NOT NULL)[0m
  ↳ db/migrate/20220414181355_create_todos.rb:3
  [1m[36mActiveRecord::SchemaMigration Create (3.2ms)[0m  [1m[32mINSERT INTO "schema_migrations" ("version") VALUES ($1) RETURNING "version"[0m  [["version", "20220414181355"]]
  ↳ bin/rails:9
  [1m[35m (1.0ms)[0m  [1m[35mCOMMIT[0m
  ↳ bin/rails:9
  [1m[36mActiveRecord::InternalMetadata Load (0.5ms)[0m  [1m[34mSELECT  "ar_internal_metadata".* FROM "ar_internal_metadata" WHERE "ar_internal_metadata"."key" = $1 LIMIT $2[0m  [["key", "environment"], ["LIMIT", 1]]
  ↳ bin/rails:9
  [1m[35m (0.2ms)[0m  [1m[35mBEGIN[0m
  ↳ bin/rails:9
  [1m[36mActiveRecord::InternalMetadata Create (1.5ms)[0m  [1m[32mINSERT INTO "ar_internal_metadata" ("key", "value", "created_at", "updated_at") VALUES ($1, $2, $3, $4) RETURNING "key"[0m  [["key", "environment"], ["value", "development"], ["created_at", "2022-04-14 18:17:28.751622"], ["updated_at", "2022-04-14 18:17:28.751622"]]
  ↳ bin/rails:9
  [1m[35m (0.4ms)[0m  [1m[35mCOMMIT[0m
  ↳ bin/rails:9
  [1m[35m (0.3ms)[0m  [1m[34mSELECT pg_advisory_unlock(2164141360814661375)[0m
  ↳ bin/rails:9
  [1m[35m (0.4ms)[0m  [1m[34mSELECT "schema_migrations"."version" FROM "schema_migrations" ORDER BY "schema_migrations"."version" ASC[0m
  ↳ bin/rails:9
Started GET "/" for ::1 at 2022-04-14 14:38:55 -0400
  [1m[35m (1.2ms)[0m  [1m[34mSELECT "schema_migrations"."version" FROM "schema_migrations" ORDER BY "schema_migrations"."version" ASC[0m
  ↳ /Users/appacademystudent/.rbenv/versions/2.5.1/lib/ruby/gems/2.5.0/gems/activerecord-5.2.7/lib/active_record/log_subscriber.rb:98
Processing by StaticPagesController#root as HTML
  Rendering static_pages/root.html.erb within layouts/application
  Rendered static_pages/root.html.erb within layouts/application (3.6ms)
Completed 200 OK in 1438ms (Views: 1401.9ms | ActiveRecord: 0.0ms)


  [1m[35m (1.1ms)[0m  [1m[34mSELECT "schema_migrations"."version" FROM "schema_migrations" ORDER BY "schema_migrations"."version" ASC[0m
  ↳ bin/rails:9
  [1m[35m (0.2ms)[0m  [1m[35mBEGIN[0m
  ↳ db/seeds.rb:8
  [1m[36mTodo Load (1.4ms)[0m  [1m[34mSELECT "todos".* FROM "todos"[0m
  ↳ db/seeds.rb:9
  [1m[35m (1.6ms)[0m  [1m[31mROLLBACK[0m
  ↳ db/seeds.rb:8
  [1m[35m (1.1ms)[0m  [1m[34mSELECT "schema_migrations"."version" FROM "schema_migrations" ORDER BY "schema_migrations"."version" ASC[0m
  ↳ bin/rails:9
  [1m[35m (0.2ms)[0m  [1m[35mBEGIN[0m
  ↳ db/seeds.rb:8
  [1m[36mTodo Load (1.3ms)[0m  [1m[34mSELECT "todos".* FROM "todos"[0m
  ↳ db/seeds.rb:9
  [1m[36mTodo Create (2.0ms)[0m  [1m[32mINSERT INTO "todos" ("title", "body", "done", "created_at", "updated_at") VALUES ($1, $2, $3, $4, $5) RETURNING "id"[0m  [["title", "homework"], ["body", "do homework"], ["done", false], ["created_at", "2022-04-14 18:45:44.717463"], ["updated_at", "2022-04-14 18:45:44.717463"]]
  ↳ db/seeds.rb:13
  [1m[36mTodo Create (0.5ms)[0m  [1m[32mINSERT INTO "todos" ("title", "body", "done", "created_at", "updated_at") VALUES ($1, $2, $3, $4, $5) RETURNING "id"[0m  [["title", "home"], ["body", "do home"], ["done", false], ["created_at", "2022-04-14 18:45:44.723374"], ["updated_at", "2022-04-14 18:45:44.723374"]]
  ↳ db/seeds.rb:14
  [1m[36mTodo Create (0.4ms)[0m  [1m[32mINSERT INTO "todos" ("title", "body", "done", "created_at", "updated_at") VALUES ($1, $2, $3, $4, $5) RETURNING "id"[0m  [["title", "studying"], ["body", "do studying"], ["done", true], ["created_at", "2022-04-14 18:45:44.725646"], ["updated_at", "2022-04-14 18:45:44.725646"]]
  ↳ db/seeds.rb:15
  [1m[36mTodo Create (0.7ms)[0m  [1m[32mINSERT INTO "todos" ("title", "body", "done", "created_at", "updated_at") VALUES ($1, $2, $3, $4, $5) RETURNING "id"[0m  [["title", "sleep"], ["body", "do sleep"], ["done", false], ["created_at", "2022-04-14 18:45:44.727169"], ["updated_at", "2022-04-14 18:45:44.727169"]]
  ↳ db/seeds.rb:16
  [1m[36mTodo Create (0.9ms)[0m  [1m[32mINSERT INTO "todos" ("title", "body", "done", "created_at", "updated_at") VALUES ($1, $2, $3, $4, $5) RETURNING "id"[0m  [["title", "buy food"], ["body", "do buy food"], ["done", false], ["created_at", "2022-04-14 18:45:44.730583"], ["updated_at", "2022-04-14 18:45:44.730583"]]
  ↳ db/seeds.rb:17
  [1m[35m (3.8ms)[0m  [1m[35mCOMMIT[0m
  ↳ db/seeds.rb:8
  [1m[36mTodo Load (1.8ms)[0m  [1m[34mSELECT "todos".* FROM "todos"[0m
Started GET "/" for ::1 at 2022-04-14 14:47:29 -0400
Processing by StaticPagesController#root as HTML
  Rendering static_pages/root.html.erb within layouts/application
  Rendered static_pages/root.html.erb within layouts/application (0.8ms)
Completed 200 OK in 64ms (Views: 57.9ms | ActiveRecord: 0.0ms)


Started GET "/api/todos" for ::1 at 2022-04-14 14:47:35 -0400

ActionController::RoutingError - uninitialized constant Api::TodosController:

Started GET "/" for ::1 at 2022-04-14 14:49:13 -0400
Processing by StaticPagesController#root as HTML
  Rendering static_pages/root.html.erb within layouts/application
  Rendered static_pages/root.html.erb within layouts/application (0.4ms)
Completed 200 OK in 48ms (Views: 41.8ms | ActiveRecord: 0.0ms)


Started GET "/api/todos" for ::1 at 2022-04-14 14:49:16 -0400

ActionController::RoutingError - uninitialized constant Api::TodosController:

Started GET "/" for ::1 at 2022-04-14 14:49:33 -0400
  [1m[35m (1.1ms)[0m  [1m[34mSELECT "schema_migrations"."version" FROM "schema_migrations" ORDER BY "schema_migrations"."version" ASC[0m
  ↳ /Users/appacademystudent/.rbenv/versions/2.5.1/lib/ruby/gems/2.5.0/gems/activerecord-5.2.7/lib/active_record/log_subscriber.rb:98
Processing by StaticPagesController#root as HTML
  Rendering static_pages/root.html.erb within layouts/application
  Rendered static_pages/root.html.erb within layouts/application (2.0ms)
Completed 200 OK in 281ms (Views: 275.4ms | ActiveRecord: 0.0ms)


Started GET "/api/todos" for ::1 at 2022-04-14 14:49:36 -0400

ActionController::RoutingError - uninitialized constant Api::TodosController:

Started GET "/api/todos" for ::1 at 2022-04-14 14:49:42 -0400

ActionController::RoutingError - uninitialized constant Api::TodosController:

Started GET "/" for ::1 at 2022-04-14 14:51:27 -0400
Processing by StaticPagesController#root as HTML
  Rendering static_pages/root.html.erb within layouts/application
  Rendered static_pages/root.html.erb within layouts/application (0.8ms)
Completed 200 OK in 52ms (Views: 47.2ms | ActiveRecord: 0.0ms)


Started GET "/api/todos" for ::1 at 2022-04-14 14:51:30 -0400
Processing by Api::TodosController#index as JSON
  [1m[36mTodo Load (1.0ms)[0m  [1m[34mSELECT "todos".* FROM "todos"[0m
  ↳ app/controllers/api/todos_controller.rb:9
Completed 200 OK in 27ms (Views: 12.7ms | ActiveRecord: 10.6ms)


Started GET "/" for ::1 at 2022-04-14 14:58:43 -0400
Processing by StaticPagesController#root as HTML
  Rendering static_pages/root.html.erb within layouts/application
  Rendered static_pages/root.html.erb within layouts/application (0.4ms)
Completed 200 OK in 52ms (Views: 47.4ms | ActiveRecord: 0.0ms)


Started GET "/" for ::1 at 2022-04-14 15:03:48 -0400
Processing by StaticPagesController#root as HTML
  Rendering static_pages/root.html.erb within layouts/application
  Rendered static_pages/root.html.erb within layouts/application (0.5ms)
Completed 200 OK in 795ms (Views: 788.8ms | ActiveRecord: 0.0ms)


Started GET "/" for ::1 at 2022-04-14 15:03:59 -0400
Processing by StaticPagesController#root as HTML
  Rendering static_pages/root.html.erb within layouts/application
  Rendered static_pages/root.html.erb within layouts/application (0.7ms)
Completed 200 OK in 65ms (Views: 58.3ms | ActiveRecord: 0.0ms)


Started GET "/" for ::1 at 2022-04-14 15:04:59 -0400
Processing by StaticPagesController#root as HTML
  Rendering static_pages/root.html.erb within layouts/application
  Rendered static_pages/root.html.erb within layouts/application (0.5ms)
Completed 200 OK in 73ms (Views: 65.7ms | ActiveRecord: 0.0ms)


Started GET "/" for ::1 at 2022-04-14 15:08:11 -0400
  [1m[35m (1.4ms)[0m  [1m[34mSELECT "schema_migrations"."version" FROM "schema_migrations" ORDER BY "schema_migrations"."version" ASC[0m
  ↳ /Users/appacademystudent/.rbenv/versions/2.5.1/lib/ruby/gems/2.5.0/gems/activerecord-5.2.7/lib/active_record/log_subscriber.rb:98
Processing by StaticPagesController#root as HTML
  Rendering static_pages/root.html.erb within layouts/application
  Rendered static_pages/root.html.erb within layouts/application (5.7ms)
Completed 200 OK in 2239ms (Views: 2231.1ms | ActiveRecord: 0.0ms)


Started GET "/" for ::1 at 2022-04-14 15:13:58 -0400
Processing by StaticPagesController#root as HTML
  Rendering static_pages/root.html.erb within layouts/application
  Rendered static_pages/root.html.erb within layouts/application (1.9ms)
Completed 200 OK in 96ms (Views: 86.5ms | ActiveRecord: 0.0ms)


Started GET "/" for ::1 at 2022-04-14 15:14:13 -0400
Processing by StaticPagesController#root as HTML
  Rendering static_pages/root.html.erb within layouts/application
  Rendered static_pages/root.html.erb within layouts/application (0.5ms)
Completed 200 OK in 79ms (Views: 71.3ms | ActiveRecord: 0.0ms)


Started GET "/" for ::1 at 2022-04-14 15:16:37 -0400
Processing by StaticPagesController#root as HTML
  Rendering static_pages/root.html.erb within layouts/application
  Rendered static_pages/root.html.erb within layouts/application (3.1ms)
Completed 200 OK in 718ms (Views: 708.3ms | ActiveRecord: 0.0ms)


Started GET "/" for ::1 at 2022-04-14 15:20:13 -0400
Processing by StaticPagesController#root as HTML
  Rendering static_pages/root.html.erb within layouts/application
  Rendered static_pages/root.html.erb within layouts/application (0.6ms)
Completed 200 OK in 565ms (Views: 557.0ms | ActiveRecord: 0.0ms)


Started GET "/api/todos" for ::1 at 2022-04-14 15:20:19 -0400
Processing by Api::TodosController#index as JSON
  [1m[36mTodo Load (1.1ms)[0m  [1m[34mSELECT "todos".* FROM "todos"[0m
  ↳ app/controllers/api/todos_controller.rb:9
Completed 200 OK in 46ms (Views: 24.8ms | ActiveRecord: 16.2ms)


Started GET "/" for ::1 at 2022-04-14 15:22:39 -0400
Processing by StaticPagesController#root as HTML
  Rendering static_pages/root.html.erb within layouts/application
  Rendered static_pages/root.html.erb within layouts/application (0.6ms)
Completed 200 OK in 699ms (Views: 694.4ms | ActiveRecord: 0.0ms)


Started GET "/api/todos" for ::1 at 2022-04-14 15:22:42 -0400
Processing by Api::TodosController#index as JSON
  [1m[36mTodo Load (1.0ms)[0m  [1m[34mSELECT "todos".* FROM "todos"[0m
  ↳ app/controllers/api/todos_controller.rb:9
Completed 200 OK in 4ms (Views: 2.6ms | ActiveRecord: 1.0ms)


Started GET "/" for ::1 at 2022-04-14 15:23:18 -0400
  [1m[35m (1.6ms)[0m  [1m[34mSELECT "schema_migrations"."version" FROM "schema_migrations" ORDER BY "schema_migrations"."version" ASC[0m
  ↳ /Users/appacademystudent/.rbenv/versions/2.5.1/lib/ruby/gems/2.5.0/gems/activerecord-5.2.7/lib/active_record/log_subscriber.rb:98
Processing by StaticPagesController#root as HTML
  Rendering static_pages/root.html.erb within layouts/application
  Rendered static_pages/root.html.erb within layouts/application (4.2ms)
Completed 200 OK in 1755ms (Views: 1747.2ms | ActiveRecord: 0.0ms)


Started GET "/api/todos" for ::1 at 2022-04-14 15:23:20 -0400
Processing by Api::TodosController#index as JSON
  [1m[36mTodo Load (1.3ms)[0m  [1m[34mSELECT "todos".* FROM "todos"[0m
  ↳ app/controllers/api/todos_controller.rb:9
Completed 200 OK in 60ms (Views: 31.0ms | ActiveRecord: 20.0ms)


Started GET "/api/todos" for ::1 at 2022-04-14 15:23:32 -0400
Processing by Api::TodosController#index as JSON
  [1m[36mTodo Load (1.2ms)[0m  [1m[34mSELECT "todos".* FROM "todos"[0m
  ↳ app/controllers/api/todos_controller.rb:9
Completed 200 OK in 4ms (Views: 3.0ms | ActiveRecord: 1.2ms)


Started GET "/api/todos" for ::1 at 2022-04-14 15:26:33 -0400
Processing by Api::TodosController#index as JSON
  [1m[36mTodo Load (1.5ms)[0m  [1m[34mSELECT "todos".* FROM "todos"[0m
  ↳ app/controllers/api/todos_controller.rb:9
Completed 200 OK in 5ms (Views: 3.3ms | ActiveRecord: 1.5ms)


Started GET "/api/todos" for ::1 at 2022-04-14 15:26:39 -0400
Processing by Api::TodosController#index as JSON
  [1m[36mTodo Load (1.7ms)[0m  [1m[34mSELECT "todos".* FROM "todos"[0m
  ↳ app/controllers/api/todos_controller.rb:9
Completed 200 OK in 4ms (Views: 2.0ms | ActiveRecord: 1.7ms)


Started GET "/" for ::1 at 2022-04-14 16:36:22 -0400
Processing by StaticPagesController#root as HTML
  Rendering static_pages/root.html.erb within layouts/application
  Rendered static_pages/root.html.erb within layouts/application (1.6ms)
Completed 200 OK in 563ms (Views: 554.1ms | ActiveRecord: 0.0ms)


Started GET "/" for ::1 at 2022-04-14 16:36:49 -0400
Processing by StaticPagesController#root as HTML
  Rendering static_pages/root.html.erb within layouts/application
  Rendered static_pages/root.html.erb within layouts/application (0.6ms)
Completed 200 OK in 714ms (Views: 708.2ms | ActiveRecord: 0.0ms)


Started GET "/" for ::1 at 2022-04-14 16:37:41 -0400
Processing by StaticPagesController#root as HTML
  Rendering static_pages/root.html.erb within layouts/application
  Rendered static_pages/root.html.erb within layouts/application (0.7ms)
Completed 200 OK in 50ms (Views: 41.3ms | ActiveRecord: 0.0ms)


Started GET "/" for ::1 at 2022-04-14 16:38:06 -0400
Processing by StaticPagesController#root as HTML
  Rendering static_pages/root.html.erb within layouts/application
  Rendered static_pages/root.html.erb within layouts/application (1.0ms)
Completed 200 OK in 561ms (Views: 553.4ms | ActiveRecord: 0.0ms)


Started GET "/" for ::1 at 2022-04-14 16:38:50 -0400
Processing by StaticPagesController#root as HTML
  Rendering static_pages/root.html.erb within layouts/application
  Rendered static_pages/root.html.erb within layouts/application (0.4ms)
Completed 200 OK in 54ms (Views: 44.3ms | ActiveRecord: 0.0ms)


Started GET "/" for ::1 at 2022-04-14 16:44:40 -0400
Processing by StaticPagesController#root as HTML
  Rendering static_pages/root.html.erb within layouts/application
  Rendered static_pages/root.html.erb within layouts/application (0.6ms)
Completed 200 OK in 553ms (Views: 547.7ms | ActiveRecord: 0.0ms)


Started GET "/api/todos" for ::1 at 2022-04-14 16:44:43 -0400
Processing by Api::TodosController#index as JSON
  [1m[36mTodo Load (6.7ms)[0m  [1m[34mSELECT "todos".* FROM "todos"[0m
  ↳ app/controllers/api/todos_controller.rb:9
Completed 200 OK in 13ms (Views: 6.4ms | ActiveRecord: 6.7ms)


Started GET "/" for ::1 at 2022-04-14 16:46:55 -0400
Processing by StaticPagesController#root as HTML
  Rendering static_pages/root.html.erb within layouts/application
  Rendered static_pages/root.html.erb within layouts/application (0.6ms)
Completed 200 OK in 43ms (Views: 38.2ms | ActiveRecord: 0.0ms)


Started GET "/api/todos" for ::1 at 2022-04-14 16:48:04 -0400
Processing by Api::TodosController#index as JSON
  [1m[36mTodo Load (1.4ms)[0m  [1m[34mSELECT "todos".* FROM "todos"[0m
  ↳ app/controllers/api/todos_controller.rb:9
Completed 200 OK in 4ms (Views: 2.0ms | ActiveRecord: 1.4ms)


Started GET "/" for ::1 at 2022-04-14 16:53:52 -0400
Processing by StaticPagesController#root as HTML
  Rendering static_pages/root.html.erb within layouts/application
  Rendered static_pages/root.html.erb within layouts/application (0.4ms)
Completed 200 OK in 488ms (Views: 482.2ms | ActiveRecord: 0.0ms)


Started GET "/" for ::1 at 2022-04-14 16:53:53 -0400
Processing by StaticPagesController#root as HTML
  Rendering static_pages/root.html.erb within layouts/application
  Rendered static_pages/root.html.erb within layouts/application (0.4ms)
Completed 200 OK in 58ms (Views: 53.2ms | ActiveRecord: 0.0ms)


Started GET "/" for ::1 at 2022-04-14 16:54:21 -0400
Processing by StaticPagesController#root as HTML
  Rendering static_pages/root.html.erb within layouts/application
  Rendered static_pages/root.html.erb within layouts/application (0.9ms)
Completed 200 OK in 481ms (Views: 472.2ms | ActiveRecord: 0.0ms)


Started GET "/" for ::1 at 2022-04-14 16:54:25 -0400
Processing by StaticPagesController#root as HTML
  Rendering static_pages/root.html.erb within layouts/application
  Rendered static_pages/root.html.erb within layouts/application (0.7ms)
Completed 200 OK in 48ms (Views: 36.3ms | ActiveRecord: 0.0ms)


Started GET "/" for ::1 at 2022-04-14 16:55:08 -0400
Processing by StaticPagesController#root as HTML
  Rendering static_pages/root.html.erb within layouts/application
  Rendered static_pages/root.html.erb within layouts/application (0.5ms)
Completed 200 OK in 577ms (Views: 569.9ms | ActiveRecord: 0.0ms)


Started GET "/" for ::1 at 2022-04-14 16:56:48 -0400
Processing by StaticPagesController#root as HTML
  Rendering static_pages/root.html.erb within layouts/application
  Rendered static_pages/root.html.erb within layouts/application (0.4ms)
Completed 200 OK in 467ms (Views: 462.8ms | ActiveRecord: 0.0ms)


Started GET "/api/todos" for ::1 at 2022-04-14 16:56:49 -0400
Processing by Api::TodosController#index as JSON
  [1m[36mTodo Load (1.2ms)[0m  [1m[34mSELECT "todos".* FROM "todos"[0m
  ↳ app/controllers/api/todos_controller.rb:9
Completed 200 OK in 4ms (Views: 2.6ms | ActiveRecord: 1.2ms)


Started GET "/" for ::1 at 2022-04-14 17:08:36 -0400
Processing by StaticPagesController#root as HTML
  Rendering static_pages/root.html.erb within layouts/application
  Rendered static_pages/root.html.erb within layouts/application (0.5ms)
Completed 200 OK in 478ms (Views: 472.7ms | ActiveRecord: 0.0ms)


Started GET "/api/todos" for ::1 at 2022-04-14 17:08:37 -0400
Processing by Api::TodosController#index as JSON
  [1m[36mTodo Load (1.7ms)[0m  [1m[34mSELECT "todos".* FROM "todos"[0m
  ↳ app/controllers/api/todos_controller.rb:9
Completed 200 OK in 4ms (Views: 2.5ms | ActiveRecord: 1.7ms)


Started GET "/" for ::1 at 2022-04-14 17:08:44 -0400
Processing by StaticPagesController#root as HTML
  Rendering static_pages/root.html.erb within layouts/application
  Rendered static_pages/root.html.erb within layouts/application (0.6ms)
Completed 200 OK in 525ms (Views: 517.4ms | ActiveRecord: 0.0ms)


Started GET "/api/todos" for ::1 at 2022-04-14 17:08:45 -0400
Processing by Api::TodosController#index as JSON
  [1m[36mTodo Load (1.2ms)[0m  [1m[34mSELECT "todos".* FROM "todos"[0m
  ↳ app/controllers/api/todos_controller.rb:9
Completed 200 OK in 3ms (Views: 2.0ms | ActiveRecord: 1.2ms)


Started GET "/" for ::1 at 2022-04-14 17:08:46 -0400
Processing by StaticPagesController#root as HTML
  Rendering static_pages/root.html.erb within layouts/application
  Rendered static_pages/root.html.erb within layouts/application (0.7ms)
Completed 200 OK in 48ms (Views: 41.2ms | ActiveRecord: 0.0ms)


Started GET "/api/todos" for ::1 at 2022-04-14 17:08:47 -0400
Processing by Api::TodosController#index as JSON
  [1m[36mTodo Load (1.3ms)[0m  [1m[34mSELECT "todos".* FROM "todos"[0m
  ↳ app/controllers/api/todos_controller.rb:9
Completed 200 OK in 5ms (Views: 2.9ms | ActiveRecord: 1.3ms)


Started GET "/" for ::1 at 2022-04-14 17:08:47 -0400
Processing by StaticPagesController#root as HTML
  Rendering static_pages/root.html.erb within layouts/application
  Rendered static_pages/root.html.erb within layouts/application (0.5ms)
Completed 200 OK in 73ms (Views: 69.2ms | ActiveRecord: 0.0ms)


Started GET "/" for ::1 at 2022-04-14 17:08:47 -0400
Processing by StaticPagesController#root as HTML
  Rendering static_pages/root.html.erb within layouts/application
  Rendered static_pages/root.html.erb within layouts/application (0.9ms)
Completed 200 OK in 70ms (Views: 64.1ms | ActiveRecord: 0.0ms)


Started GET "/api/todos" for ::1 at 2022-04-14 17:08:47 -0400
Processing by Api::TodosController#index as JSON
  [1m[36mTodo Load (2.0ms)[0m  [1m[34mSELECT "todos".* FROM "todos"[0m
  ↳ app/controllers/api/todos_controller.rb:9
Completed 200 OK in 12ms (Views: 10.0ms | ActiveRecord: 2.0ms)


Started GET "/" for ::1 at 2022-04-14 17:08:47 -0400
Processing by StaticPagesController#root as HTML
  Rendering static_pages/root.html.erb within layouts/application
  Rendered static_pages/root.html.erb within layouts/application (0.4ms)
Completed 200 OK in 73ms (Views: 67.4ms | ActiveRecord: 0.0ms)


Started GET "/api/todos" for ::1 at 2022-04-14 17:08:48 -0400
Processing by Api::TodosController#index as JSON
  [1m[36mTodo Load (1.2ms)[0m  [1m[34mSELECT "todos".* FROM "todos"[0m
  ↳ app/controllers/api/todos_controller.rb:9
Completed 200 OK in 4ms (Views: 2.9ms | ActiveRecord: 1.2ms)


Started GET "/" for ::1 at 2022-04-14 17:08:48 -0400
Processing by StaticPagesController#root as HTML
  Rendering static_pages/root.html.erb within layouts/application
  Rendered static_pages/root.html.erb within layouts/application (0.4ms)
Completed 200 OK in 47ms (Views: 40.8ms | ActiveRecord: 0.0ms)


Started GET "/api/todos" for ::1 at 2022-04-14 17:08:48 -0400
Processing by Api::TodosController#index as JSON
  [1m[36mTodo Load (0.5ms)[0m  [1m[34mSELECT "todos".* FROM "todos"[0m
  ↳ app/controllers/api/todos_controller.rb:9
Completed 200 OK in 4ms (Views: 3.6ms | ActiveRecord: 0.5ms)


Started GET "/" for ::1 at 2022-04-14 17:08:48 -0400
Processing by StaticPagesController#root as HTML
  Rendering static_pages/root.html.erb within layouts/application
  Rendered static_pages/root.html.erb within layouts/application (0.6ms)
Completed 200 OK in 80ms (Views: 69.8ms | ActiveRecord: 0.0ms)


Started GET "/" for ::1 at 2022-04-14 17:08:48 -0400
Processing by StaticPagesController#root as HTML
  Rendering static_pages/root.html.erb within layouts/application
  Rendered static_pages/root.html.erb within layouts/application (0.4ms)
Completed 200 OK in 62ms (Views: 58.0ms | ActiveRecord: 0.0ms)


Started GET "/api/todos" for ::1 at 2022-04-14 17:08:48 -0400
Processing by Api::TodosController#index as JSON
  [1m[36mTodo Load (0.5ms)[0m  [1m[34mSELECT "todos".* FROM "todos"[0m
  ↳ app/controllers/api/todos_controller.rb:9
Completed 200 OK in 7ms (Views: 6.2ms | ActiveRecord: 0.5ms)


Started GET "/api/todos" for ::1 at 2022-04-14 17:08:49 -0400
Processing by Api::TodosController#index as JSON
  [1m[36mTodo Load (0.7ms)[0m  [1m[34mSELECT "todos".* FROM "todos"[0m
  ↳ app/controllers/api/todos_controller.rb:9
Completed 200 OK in 9ms (Views: 7.9ms | ActiveRecord: 0.7ms)


Started GET "/" for ::1 at 2022-04-14 17:08:49 -0400
Processing by StaticPagesController#root as HTML
  Rendering static_pages/root.html.erb within layouts/application
  Rendered static_pages/root.html.erb within layouts/application (1.4ms)
Completed 200 OK in 78ms (Views: 72.5ms | ActiveRecord: 0.0ms)


Started GET "/" for ::1 at 2022-04-14 17:08:49 -0400
Processing by StaticPagesController#root as HTML
  Rendering static_pages/root.html.erb within layouts/application
  Rendered static_pages/root.html.erb within layouts/application (0.6ms)
Started GET "/api/todos" for ::1 at 2022-04-14 17:08:49 -0400
Processing by Api::TodosController#index as JSON
  [1m[36mTodo Load (0.6ms)[0m  [1m[34mSELECT "todos".* FROM "todos"[0m
  ↳ app/controllers/api/todos_controller.rb:9
Completed 200 OK in 4ms (Views: 2.6ms | ActiveRecord: 0.6ms)


Completed 200 OK in 83ms (Views: 76.8ms | ActiveRecord: 0.0ms)


Started GET "/api/todos" for ::1 at 2022-04-14 17:08:49 -0400
Processing by Api::TodosController#index as JSON
  [1m[36mTodo Load (0.6ms)[0m  [1m[34mSELECT "todos".* FROM "todos"[0m
  ↳ app/controllers/api/todos_controller.rb:9
Completed 200 OK in 8ms (Views: 6.5ms | ActiveRecord: 0.6ms)


Started GET "/" for ::1 at 2022-04-14 17:13:32 -0400
Processing by StaticPagesController#root as HTML
  Rendering static_pages/root.html.erb within layouts/application
  Rendered static_pages/root.html.erb within layouts/application (1.1ms)
Completed 200 OK in 478ms (Views: 471.1ms | ActiveRecord: 0.0ms)


Started GET "/api/todos" for ::1 at 2022-04-14 17:13:33 -0400
Processing by Api::TodosController#index as JSON
  [1m[36mTodo Load (3.4ms)[0m  [1m[34mSELECT "todos".* FROM "todos"[0m
  ↳ app/controllers/api/todos_controller.rb:9
Completed 200 OK in 7ms (Views: 3.6ms | ActiveRecord: 3.4ms)


Started GET "/" for ::1 at 2022-04-14 17:17:15 -0400
Processing by StaticPagesController#root as HTML
  Rendering static_pages/root.html.erb within layouts/application
  Rendered static_pages/root.html.erb within layouts/application (0.5ms)
Completed 200 OK in 49ms (Views: 45.0ms | ActiveRecord: 0.0ms)


Started GET "/api/todos" for ::1 at 2022-04-14 17:17:15 -0400
Processing by Api::TodosController#index as JSON
  [1m[36mTodo Load (1.5ms)[0m  [1m[34mSELECT "todos".* FROM "todos"[0m
  ↳ app/controllers/api/todos_controller.rb:9
Completed 200 OK in 5ms (Views: 3.0ms | ActiveRecord: 1.5ms)


Started GET "/" for ::1 at 2022-04-14 17:17:41 -0400
Processing by StaticPagesController#root as HTML
  Rendering static_pages/root.html.erb within layouts/application
  Rendered static_pages/root.html.erb within layouts/application (0.4ms)
Completed 200 OK in 46ms (Views: 40.1ms | ActiveRecord: 0.0ms)


Started GET "/api/todos" for ::1 at 2022-04-14 17:17:41 -0400
Processing by Api::TodosController#index as JSON
  [1m[36mTodo Load (0.8ms)[0m  [1m[34mSELECT "todos".* FROM "todos"[0m
  ↳ app/controllers/api/todos_controller.rb:9
Completed 200 OK in 3ms (Views: 2.3ms | ActiveRecord: 0.8ms)


Started GET "/" for ::1 at 2022-04-14 17:22:11 -0400
Processing by StaticPagesController#root as HTML
  Rendering static_pages/root.html.erb within layouts/application
  Rendered static_pages/root.html.erb within layouts/application (0.5ms)
Completed 200 OK in 786ms (Views: 779.1ms | ActiveRecord: 0.0ms)


Started GET "/api/todos" for ::1 at 2022-04-14 17:22:13 -0400
Processing by Api::TodosController#index as JSON
  [1m[36mTodo Load (0.9ms)[0m  [1m[34mSELECT "todos".* FROM "todos"[0m
  ↳ app/controllers/api/todos_controller.rb:9
Completed 200 OK in 6ms (Views: 4.9ms | ActiveRecord: 0.9ms)


Started POST "/api/todos" for ::1 at 2022-04-14 17:22:17 -0400
Processing by Api::TodosController#create as JSON
  Parameters: {"todo"=>{"id"=>"1649971333204", "title"=>"asdasd", "body"=>"asdasdasd", "done"=>"true"}}
Unpermitted parameter: :id
  [1m[35m (1.0ms)[0m  [1m[35mBEGIN[0m
  ↳ app/controllers/api/todos_controller.rb:15
  [1m[36mTodo Create (1.9ms)[0m  [1m[32mINSERT INTO "todos" ("title", "body", "done", "created_at", "updated_at") VALUES ($1, $2, $3, $4, $5) RETURNING "id"[0m  [["title", "asdasd"], ["body", "asdasdasd"], ["done", true], ["created_at", "2022-04-14 21:22:17.627864"], ["updated_at", "2022-04-14 21:22:17.627864"]]
  ↳ app/controllers/api/todos_controller.rb:15
  [1m[35m (2.5ms)[0m  [1m[35mCOMMIT[0m
  ↳ app/controllers/api/todos_controller.rb:15
Completed 200 OK in 12ms (Views: 0.6ms | ActiveRecord: 5.5ms)


Started POST "/api/todos" for ::1 at 2022-04-14 17:22:29 -0400
Processing by Api::TodosController#create as JSON
  Parameters: {"todo"=>{"id"=>"907", "title"=>"fafafaf", "body"=>"fhfghgfhfgh", "done"=>""}}
Unpermitted parameter: :id
  [1m[35m (1.6ms)[0m  [1m[35mBEGIN[0m
  ↳ app/controllers/api/todos_controller.rb:15
  [1m[35m (0.7ms)[0m  [1m[31mROLLBACK[0m
  ↳ app/controllers/api/todos_controller.rb:15
Completed 422 Unprocessable Entity in 33ms (Views: 0.4ms | ActiveRecord: 2.3ms)


Started GET "/" for ::1 at 2022-04-14 17:22:36 -0400
Processing by StaticPagesController#root as HTML
  Rendering static_pages/root.html.erb within layouts/application
  Rendered static_pages/root.html.erb within layouts/application (0.7ms)
Completed 200 OK in 49ms (Views: 44.9ms | ActiveRecord: 0.0ms)


Started GET "/api/todos" for ::1 at 2022-04-14 17:22:36 -0400
Processing by Api::TodosController#index as JSON
  [1m[36mTodo Load (0.7ms)[0m  [1m[34mSELECT "todos".* FROM "todos"[0m
  ↳ app/controllers/api/todos_controller.rb:9
Completed 200 OK in 4ms (Views: 3.3ms | ActiveRecord: 0.7ms)


Started POST "/api/todos" for ::1 at 2022-04-14 17:22:51 -0400
Processing by Api::TodosController#create as JSON
  Parameters: {"todo"=>{"id"=>"1649971356954", "title"=>"testing123", "body"=>"lotneoatnoaet", "done"=>"true"}}
Unpermitted parameter: :id
  [1m[35m (3.2ms)[0m  [1m[35mBEGIN[0m
  ↳ app/controllers/api/todos_controller.rb:15
  [1m[36mTodo Create (2.9ms)[0m  [1m[32mINSERT INTO "todos" ("title", "body", "done", "created_at", "updated_at") VALUES ($1, $2, $3, $4, $5) RETURNING "id"[0m  [["title", "testing123"], ["body", "lotneoatnoaet"], ["done", true], ["created_at", "2022-04-14 21:22:51.195402"], ["updated_at", "2022-04-14 21:22:51.195402"]]
  ↳ app/controllers/api/todos_controller.rb:15
  [1m[35m (5.0ms)[0m  [1m[35mCOMMIT[0m
  ↳ app/controllers/api/todos_controller.rb:15
Completed 200 OK in 18ms (Views: 0.6ms | ActiveRecord: 11.0ms)


Started GET "/" for ::1 at 2022-04-14 17:23:06 -0400
Processing by StaticPagesController#root as HTML
  Rendering static_pages/root.html.erb within layouts/application
  Rendered static_pages/root.html.erb within layouts/application (0.7ms)
Completed 200 OK in 553ms (Views: 547.1ms | ActiveRecord: 0.0ms)


Started GET "/api/todos" for ::1 at 2022-04-14 17:23:07 -0400
Processing by Api::TodosController#index as JSON
  [1m[36mTodo Load (0.6ms)[0m  [1m[34mSELECT "todos".* FROM "todos"[0m
  ↳ app/controllers/api/todos_controller.rb:9
Completed 200 OK in 7ms (Views: 6.0ms | ActiveRecord: 0.6ms)


Started POST "/api/todos" for ::1 at 2022-04-14 17:23:17 -0400
Processing by Api::TodosController#create as JSON
  Parameters: {"todo"=>{"id"=>"1649971387202", "title"=>"sean", "body"=>"sean2", "done"=>"true"}}
Unpermitted parameter: :id
  [1m[35m (0.6ms)[0m  [1m[35mBEGIN[0m
  ↳ app/controllers/api/todos_controller.rb:15
  [1m[36mTodo Create (1.3ms)[0m  [1m[32mINSERT INTO "todos" ("title", "body", "done", "created_at", "updated_at") VALUES ($1, $2, $3, $4, $5) RETURNING "id"[0m  [["title", "sean"], ["body", "sean2"], ["done", true], ["created_at", "2022-04-14 21:23:17.182533"], ["updated_at", "2022-04-14 21:23:17.182533"]]
  ↳ app/controllers/api/todos_controller.rb:15
  [1m[35m (2.8ms)[0m  [1m[35mCOMMIT[0m
  ↳ app/controllers/api/todos_controller.rb:15
Completed 200 OK in 10ms (Views: 0.4ms | ActiveRecord: 4.7ms)


Started GET "/" for ::1 at 2022-04-14 17:23:19 -0400
Processing by StaticPagesController#root as HTML
  Rendering static_pages/root.html.erb within layouts/application
  Rendered static_pages/root.html.erb within layouts/application (0.5ms)
Completed 200 OK in 46ms (Views: 42.0ms | ActiveRecord: 0.0ms)


Started GET "/api/todos" for ::1 at 2022-04-14 17:23:19 -0400
Processing by Api::TodosController#index as JSON
  [1m[36mTodo Load (0.6ms)[0m  [1m[34mSELECT "todos".* FROM "todos"[0m
  ↳ app/controllers/api/todos_controller.rb:9
Completed 200 OK in 11ms (Views: 9.7ms | ActiveRecord: 0.6ms)


Started GET "/" for ::1 at 2022-04-14 17:27:11 -0400
Processing by StaticPagesController#root as HTML
  Rendering static_pages/root.html.erb within layouts/application
  Rendered static_pages/root.html.erb within layouts/application (0.5ms)
Completed 200 OK in 492ms (Views: 480.5ms | ActiveRecord: 0.0ms)


Started GET "/api/todos" for ::1 at 2022-04-14 17:27:12 -0400
Processing by Api::TodosController#index as JSON
  [1m[36mTodo Load (0.6ms)[0m  [1m[34mSELECT "todos".* FROM "todos"[0m
  ↳ app/controllers/api/todos_controller.rb:9
Completed 200 OK in 9ms (Views: 8.1ms | ActiveRecord: 0.6ms)


Started GET "/" for ::1 at 2022-04-14 17:27:27 -0400
Processing by StaticPagesController#root as HTML
  Rendering static_pages/root.html.erb within layouts/application
  Rendered static_pages/root.html.erb within layouts/application (0.7ms)
Completed 200 OK in 514ms (Views: 510.5ms | ActiveRecord: 0.0ms)


Started GET "/api/todos" for ::1 at 2022-04-14 17:27:28 -0400
Processing by Api::TodosController#index as JSON
  [1m[36mTodo Load (1.4ms)[0m  [1m[34mSELECT "todos".* FROM "todos"[0m
  ↳ app/controllers/api/todos_controller.rb:9
Completed 200 OK in 10ms (Views: 8.2ms | ActiveRecord: 1.4ms)


